2020-10-23 21:11:19 | [INFO]    | Discordia 2.8.4
2020-10-23 21:11:19 | [INFO]    | Connecting to Discord...
2020-10-23 21:11:28 | [INFO]    | Authenticated as Daemen#5143
2020-10-23 21:11:30 | [INFO]    | Launching shard 0 (1 out of 1)...
2020-10-23 21:11:34 | [INFO]    | Shard 0 : Connected to wss://gateway.discord.gg
2020-10-23 21:11:34 | [INFO]    | Shard 0 : Received HELLO
2020-10-23 21:11:36 | [INFO]    | Shard 0 : Received READY
2020-10-23 21:21:43 | [INFO]    | Discordia 2.8.4
2020-10-23 21:21:43 | [INFO]    | Connecting to Discord...
2020-10-23 21:21:44 | [INFO]    | Authenticated as Daemen#5143
2020-10-23 21:21:44 | [INFO]    | Launching shard 0 (1 out of 1)...
2020-10-23 21:21:44 | [INFO]    | Shard 0 : Connected to wss://gateway.discord.gg
2020-10-23 21:21:44 | [INFO]    | Shard 0 : Received HELLO
2020-10-23 21:21:44 | [INFO]    | Shard 0 : Received READY
2020-10-23 21:45:28 | [INFO]    | Discordia 2.8.4
2020-10-23 21:45:28 | [INFO]    | Connecting to Discord...
2020-10-23 21:45:28 | [INFO]    | Authenticated as Daemen#5143
2020-10-23 21:45:28 | [INFO]    | Launching shard 0 (1 out of 1)...
2020-10-23 21:45:28 | [INFO]    | Shard 0 : Connected to wss://gateway.discord.gg
2020-10-23 21:45:28 | [INFO]    | Shard 0 : Received HELLO
2020-10-23 21:45:29 | [INFO]    | Shard 0 : Received READY
2020-10-23 21:46:59 | [INFO]    | Discordia 2.8.4
2020-10-23 21:46:59 | [INFO]    | Connecting to Discord...
2020-10-23 21:47:00 | [INFO]    | Authenticated as Daemen#5143
2020-10-23 21:47:00 | [INFO]    | Launching shard 0 (1 out of 1)...
2020-10-23 21:47:00 | [INFO]    | Shard 0 : Connected to wss://gateway.discord.gg
2020-10-23 21:47:00 | [INFO]    | Shard 0 : Received HELLO
2020-10-23 21:47:00 | [INFO]    | Shard 0 : Received READY
2020-10-23 21:47:37 | [INFO]    | Discordia 2.8.4
2020-10-23 21:47:37 | [INFO]    | Connecting to Discord...
2020-10-23 21:47:38 | [INFO]    | Authenticated as Daemen#5143
2020-10-23 21:47:38 | [INFO]    | Launching shard 0 (1 out of 1)...
2020-10-23 21:47:38 | [INFO]    | Shard 0 : Connected to wss://gateway.discord.gg
2020-10-23 21:47:38 | [INFO]    | Shard 0 : Received HELLO
2020-10-23 21:47:38 | [INFO]    | Shard 0 : Received READY
2020-10-23 21:47:53 | [INFO]    | Discordia 2.8.4
2020-10-23 21:47:53 | [INFO]    | Connecting to Discord...
2020-10-23 21:47:53 | [INFO]    | Authenticated as Daemen#5143
2020-10-23 21:47:53 | [INFO]    | Launching shard 0 (1 out of 1)...
2020-10-23 21:47:53 | [INFO]    | Shard 0 : Connected to wss://gateway.discord.gg
2020-10-23 21:47:53 | [INFO]    | Shard 0 : Received HELLO
2020-10-23 21:47:53 | [INFO]    | Shard 0 : Received READY
2020-10-23 21:48:00 | [INFO]    | Discordia 2.8.4
2020-10-23 21:48:00 | [INFO]    | Connecting to Discord...
2020-10-23 21:48:00 | [INFO]    | Authenticated as Daemen#5143
2020-10-23 21:48:00 | [INFO]    | Launching shard 0 (1 out of 1)...
2020-10-23 21:48:00 | [INFO]    | Shard 0 : Connected to wss://gateway.discord.gg
2020-10-23 21:48:00 | [INFO]    | Shard 0 : Received HELLO
2020-10-23 21:48:00 | [INFO]    | Shard 0 : Received READY
2020-10-23 21:48:10 | [INFO]    | Discordia 2.8.4
2020-10-23 21:48:10 | [INFO]    | Connecting to Discord...
2020-10-23 21:48:11 | [INFO]    | Authenticated as Daemen#5143
2020-10-23 21:48:11 | [INFO]    | Launching shard 0 (1 out of 1)...
2020-10-23 21:48:11 | [INFO]    | Shard 0 : Connected to wss://gateway.discord.gg
2020-10-23 21:48:11 | [INFO]    | Shard 0 : Received HELLO
2020-10-23 21:48:11 | [INFO]    | Shard 0 : Received READY
2020-10-23 21:50:59 | [INFO]    | Discordia 2.8.4
2020-10-23 21:50:59 | [INFO]    | Connecting to Discord...
2020-10-23 21:51:00 | [INFO]    | Authenticated as Daemen#5143
2020-10-23 21:51:00 | [INFO]    | Launching shard 0 (1 out of 1)...
2020-10-23 21:51:00 | [INFO]    | Shard 0 : Connected to wss://gateway.discord.gg
2020-10-23 21:51:00 | [INFO]    | Shard 0 : Received HELLO
2020-10-23 21:51:00 | [INFO]    | Shard 0 : Received READY
2020-10-23 21:52:12 | [INFO]    | Discordia 2.8.4
2020-10-23 21:52:12 | [INFO]    | Connecting to Discord...
2020-10-23 21:52:12 | [INFO]    | Authenticated as Daemen#5143
2020-10-23 21:52:12 | [INFO]    | Launching shard 0 (1 out of 1)...
2020-10-23 21:52:12 | [INFO]    | Shard 0 : Connected to wss://gateway.discord.gg
2020-10-23 21:52:12 | [INFO]    | Shard 0 : Received HELLO
2020-10-23 21:52:12 | [INFO]    | Shard 0 : Received READY
2020-10-23 21:52:28 | [INFO]    | Discordia 2.8.4
2020-10-23 21:52:28 | [INFO]    | Connecting to Discord...
2020-10-23 21:52:28 | [INFO]    | Authenticated as Daemen#5143
2020-10-23 21:52:28 | [INFO]    | Launching shard 0 (1 out of 1)...
2020-10-23 21:52:29 | [INFO]    | Shard 0 : Connected to wss://gateway.discord.gg
2020-10-23 21:52:29 | [INFO]    | Shard 0 : Received HELLO
2020-10-23 21:52:29 | [INFO]    | Shard 0 : Received READY
2020-10-23 21:53:19 | [INFO]    | Discordia 2.8.4
2020-10-23 21:53:19 | [INFO]    | Connecting to Discord...
2020-10-23 21:53:20 | [INFO]    | Authenticated as Daemen#5143
2020-10-23 21:53:20 | [INFO]    | Launching shard 0 (1 out of 1)...
2020-10-23 21:53:20 | [INFO]    | Shard 0 : Connected to wss://gateway.discord.gg
2020-10-23 21:53:20 | [INFO]    | Shard 0 : Received HELLO
2020-10-23 21:53:20 | [INFO]    | Shard 0 : Received READY
2020-10-23 21:53:48 | [INFO]    | Discordia 2.8.4
2020-10-23 21:53:48 | [INFO]    | Connecting to Discord...
2020-10-23 21:53:49 | [INFO]    | Authenticated as Daemen#5143
2020-10-23 21:53:49 | [INFO]    | Launching shard 0 (1 out of 1)...
2020-10-23 21:53:49 | [INFO]    | Shard 0 : Connected to wss://gateway.discord.gg
2020-10-23 21:53:49 | [INFO]    | Shard 0 : Received HELLO
2020-10-23 21:53:49 | [INFO]    | Shard 0 : Received READY
2020-10-23 21:54:15 | [INFO]    | Discordia 2.8.4
2020-10-23 21:54:15 | [INFO]    | Connecting to Discord...
2020-10-23 21:54:15 | [INFO]    | Authenticated as Daemen#5143
2020-10-23 21:54:15 | [INFO]    | Launching shard 0 (1 out of 1)...
2020-10-23 21:54:15 | [INFO]    | Shard 0 : Connected to wss://gateway.discord.gg
2020-10-23 21:54:15 | [INFO]    | Shard 0 : Received HELLO
2020-10-23 21:54:15 | [INFO]    | Shard 0 : Received READY
2020-10-23 21:54:40 | [INFO]    | Discordia 2.8.4
2020-10-23 21:54:40 | [INFO]    | Connecting to Discord...
2020-10-23 21:54:41 | [INFO]    | Authenticated as Daemen#5143
2020-10-23 21:54:41 | [INFO]    | Launching shard 0 (1 out of 1)...
2020-10-23 21:54:41 | [INFO]    | Shard 0 : Connected to wss://gateway.discord.gg
2020-10-23 21:54:41 | [INFO]    | Shard 0 : Received HELLO
2020-10-23 21:54:41 | [INFO]    | Shard 0 : Received READY
2020-10-23 21:54:50 | [INFO]    | Discordia 2.8.4
2020-10-23 21:54:50 | [INFO]    | Connecting to Discord...
2020-10-23 21:54:51 | [INFO]    | Authenticated as Daemen#5143
2020-10-23 21:54:51 | [INFO]    | Launching shard 0 (1 out of 1)...
2020-10-23 21:54:51 | [INFO]    | Shard 0 : Connected to wss://gateway.discord.gg
2020-10-23 21:54:51 | [INFO]    | Shard 0 : Received HELLO
2020-10-23 21:54:51 | [INFO]    | Shard 0 : Received READY
2020-10-23 21:57:57 | [INFO]    | Discordia 2.8.4
2020-10-23 21:57:57 | [INFO]    | Connecting to Discord...
2020-10-23 21:57:58 | [INFO]    | Authenticated as Daemen#5143
2020-10-23 21:57:58 | [INFO]    | Launching shard 0 (1 out of 1)...
2020-10-23 21:57:58 | [INFO]    | Shard 0 : Connected to wss://gateway.discord.gg
2020-10-23 21:57:58 | [INFO]    | Shard 0 : Received HELLO
2020-10-23 21:57:58 | [INFO]    | Shard 0 : Received READY
2020-10-23 21:58:27 | [INFO]    | Discordia 2.8.4
2020-10-23 21:58:27 | [INFO]    | Connecting to Discord...
2020-10-23 21:58:27 | [INFO]    | Authenticated as Daemen#5143
2020-10-23 21:58:27 | [INFO]    | Launching shard 0 (1 out of 1)...
2020-10-23 21:58:27 | [INFO]    | Shard 0 : Connected to wss://gateway.discord.gg
2020-10-23 21:58:27 | [INFO]    | Shard 0 : Received HELLO
2020-10-23 21:58:28 | [INFO]    | Shard 0 : Received READY
2020-10-23 22:00:00 | [INFO]    | Discordia 2.8.4
2020-10-23 22:00:00 | [INFO]    | Connecting to Discord...
2020-10-23 22:00:01 | [INFO]    | Authenticated as Daemen#5143
2020-10-23 22:00:01 | [INFO]    | Launching shard 0 (1 out of 1)...
2020-10-23 22:00:01 | [INFO]    | Shard 0 : Connected to wss://gateway.discord.gg
2020-10-23 22:00:01 | [INFO]    | Shard 0 : Received HELLO
2020-10-23 22:00:01 | [INFO]    | Shard 0 : Received READY
2020-10-23 22:00:36 | [INFO]    | Discordia 2.8.4
2020-10-23 22:00:36 | [INFO]    | Connecting to Discord...
2020-10-23 22:00:37 | [INFO]    | Authenticated as Daemen#5143
2020-10-23 22:00:37 | [INFO]    | Launching shard 0 (1 out of 1)...
2020-10-23 22:00:37 | [INFO]    | Shard 0 : Connected to wss://gateway.discord.gg
2020-10-23 22:00:37 | [INFO]    | Shard 0 : Received HELLO
2020-10-23 22:00:37 | [INFO]    | Shard 0 : Received READY
2020-10-23 22:00:46 | [INFO]    | Discordia 2.8.4
2020-10-23 22:00:46 | [INFO]    | Connecting to Discord...
2020-10-23 22:00:46 | [INFO]    | Authenticated as Daemen#5143
2020-10-23 22:00:46 | [INFO]    | Launching shard 0 (1 out of 1)...
2020-10-23 22:00:46 | [INFO]    | Shard 0 : Connected to wss://gateway.discord.gg
2020-10-23 22:00:46 | [INFO]    | Shard 0 : Received HELLO
2020-10-23 22:00:46 | [INFO]    | Shard 0 : Received READY
2020-10-24 09:41:12 | [INFO]    | Discordia 2.8.4
2020-10-24 09:41:12 | [INFO]    | Connecting to Discord...
2020-10-24 09:41:12 | [INFO]    | Authenticated as Daemen#5143
2020-10-24 09:41:13 | [INFO]    | Launching shard 0 (1 out of 1)...
2020-10-24 09:41:13 | [INFO]    | Shard 0 : Connected to wss://gateway.discord.gg
2020-10-24 09:41:13 | [INFO]    | Shard 0 : Received HELLO
2020-10-24 09:41:13 | [INFO]    | Shard 0 : Received READY
2020-10-24 09:41:55 | [INFO]    | Discordia 2.8.4
2020-10-24 09:41:55 | [INFO]    | Connecting to Discord...
2020-10-24 09:41:55 | [INFO]    | Authenticated as Daemen#5143
2020-10-24 09:41:55 | [INFO]    | Launching shard 0 (1 out of 1)...
2020-10-24 09:41:55 | [INFO]    | Shard 0 : Connected to wss://gateway.discord.gg
2020-10-24 09:41:55 | [INFO]    | Shard 0 : Received HELLO
2020-10-24 09:41:55 | [INFO]    | Shard 0 : Received READY
2020-10-24 09:43:38 | [INFO]    | Discordia 2.8.4
2020-10-24 09:43:38 | [INFO]    | Connecting to Discord...
2020-10-24 09:43:39 | [INFO]    | Authenticated as Daemen#5143
2020-10-24 09:43:39 | [INFO]    | Launching shard 0 (1 out of 1)...
2020-10-24 09:43:39 | [INFO]    | Shard 0 : Connected to wss://gateway.discord.gg
2020-10-24 09:43:39 | [INFO]    | Shard 0 : Received HELLO
2020-10-24 09:43:39 | [INFO]    | Shard 0 : Received READY
2020-10-24 09:44:24 | [INFO]    | Discordia 2.8.4
2020-10-24 09:44:24 | [INFO]    | Connecting to Discord...
2020-10-24 09:44:24 | [INFO]    | Authenticated as Daemen#5143
2020-10-24 09:44:24 | [INFO]    | Launching shard 0 (1 out of 1)...
2020-10-24 09:44:24 | [INFO]    | Shard 0 : Connected to wss://gateway.discord.gg
2020-10-24 09:44:24 | [INFO]    | Shard 0 : Received HELLO
2020-10-24 09:44:25 | [INFO]    | Shard 0 : Received READY
2020-10-24 09:44:36 | [INFO]    | Discordia 2.8.4
2020-10-24 09:44:36 | [INFO]    | Connecting to Discord...
2020-10-24 09:44:37 | [INFO]    | Authenticated as Daemen#5143
2020-10-24 09:44:37 | [INFO]    | Launching shard 0 (1 out of 1)...
2020-10-24 09:44:37 | [INFO]    | Shard 0 : Connected to wss://gateway.discord.gg
2020-10-24 09:44:37 | [INFO]    | Shard 0 : Received HELLO
2020-10-24 09:44:37 | [INFO]    | Shard 0 : Received READY
2020-10-24 09:46:07 | [INFO]    | Discordia 2.8.4
2020-10-24 09:46:07 | [INFO]    | Connecting to Discord...
2020-10-24 09:46:07 | [INFO]    | Authenticated as Daemen#5143
2020-10-24 09:46:07 | [INFO]    | Launching shard 0 (1 out of 1)...
2020-10-24 09:46:07 | [INFO]    | Shard 0 : Connected to wss://gateway.discord.gg
2020-10-24 09:46:07 | [INFO]    | Shard 0 : Received HELLO
2020-10-24 09:46:08 | [INFO]    | Shard 0 : Received READY
